mode: set
github.com/darkside1809/wallet/pkg/wallet/service.go:24.78,25.37 1 1
github.com/darkside1809/wallet/pkg/wallet/service.go:31.2,39.21 4 1
github.com/darkside1809/wallet/pkg/wallet/service.go:25.37,26.29 1 0
github.com/darkside1809/wallet/pkg/wallet/service.go:26.29,28.4 1 0
github.com/darkside1809/wallet/pkg/wallet/service.go:42.70,43.17 1 1
github.com/darkside1809/wallet/pkg/wallet/service.go:47.2,48.33 2 1
github.com/darkside1809/wallet/pkg/wallet/service.go:55.2,55.20 1 1
github.com/darkside1809/wallet/pkg/wallet/service.go:59.2,60.12 2 1
github.com/darkside1809/wallet/pkg/wallet/service.go:43.17,45.3 1 0
github.com/darkside1809/wallet/pkg/wallet/service.go:48.33,49.26 1 1
github.com/darkside1809/wallet/pkg/wallet/service.go:49.26,51.9 2 1
github.com/darkside1809/wallet/pkg/wallet/service.go:55.20,57.3 1 0
github.com/darkside1809/wallet/pkg/wallet/service.go:63.116,64.17 1 1
github.com/darkside1809/wallet/pkg/wallet/service.go:68.2,69.33 2 1
github.com/darkside1809/wallet/pkg/wallet/service.go:76.2,76.20 1 1
github.com/darkside1809/wallet/pkg/wallet/service.go:80.2,80.30 1 1
github.com/darkside1809/wallet/pkg/wallet/service.go:84.2,95.21 5 1
github.com/darkside1809/wallet/pkg/wallet/service.go:64.17,66.3 1 0
github.com/darkside1809/wallet/pkg/wallet/service.go:69.33,70.26 1 1
github.com/darkside1809/wallet/pkg/wallet/service.go:70.26,72.9 2 1
github.com/darkside1809/wallet/pkg/wallet/service.go:76.20,78.3 1 0
github.com/darkside1809/wallet/pkg/wallet/service.go:80.30,82.3 1 1
github.com/darkside1809/wallet/pkg/wallet/service.go:98.72,101.32 2 1
github.com/darkside1809/wallet/pkg/wallet/service.go:109.2,109.19 1 1
github.com/darkside1809/wallet/pkg/wallet/service.go:113.2,113.19 1 1
github.com/darkside1809/wallet/pkg/wallet/service.go:101.32,103.23 1 1
github.com/darkside1809/wallet/pkg/wallet/service.go:103.23,105.9 2 1
github.com/darkside1809/wallet/pkg/wallet/service.go:109.19,111.3 1 1
github.com/darkside1809/wallet/pkg/wallet/service.go:116.76,119.33 2 1
github.com/darkside1809/wallet/pkg/wallet/service.go:131.2,131.21 1 1
github.com/darkside1809/wallet/pkg/wallet/service.go:119.33,121.26 1 1
github.com/darkside1809/wallet/pkg/wallet/service.go:126.3,126.21 1 0
github.com/darkside1809/wallet/pkg/wallet/service.go:121.26,123.9 2 1
github.com/darkside1809/wallet/pkg/wallet/service.go:126.21,128.4 1 0
github.com/darkside1809/wallet/pkg/wallet/service.go:134.49,137.41 2 1
github.com/darkside1809/wallet/pkg/wallet/service.go:143.2,143.21 1 1
github.com/darkside1809/wallet/pkg/wallet/service.go:147.2,149.31 2 1
github.com/darkside1809/wallet/pkg/wallet/service.go:153.2,157.12 4 1
github.com/darkside1809/wallet/pkg/wallet/service.go:137.41,138.34 1 1
github.com/darkside1809/wallet/pkg/wallet/service.go:138.34,140.9 2 1
github.com/darkside1809/wallet/pkg/wallet/service.go:143.21,145.3 1 0
github.com/darkside1809/wallet/pkg/wallet/service.go:149.31,151.3 1 0
github.com/darkside1809/wallet/pkg/wallet/service.go:160.68,164.16 2 1
github.com/darkside1809/wallet/pkg/wallet/service.go:168.2,170.16 2 1
github.com/darkside1809/wallet/pkg/wallet/service.go:174.2,174.17 1 1
github.com/darkside1809/wallet/pkg/wallet/service.go:164.16,166.3 1 0
github.com/darkside1809/wallet/pkg/wallet/service.go:170.16,172.3 1 0
