mode: set
github.com/darkside1809/wallet/pkg/wallet/service.go:45.78,46.37 1 1
github.com/darkside1809/wallet/pkg/wallet/service.go:52.2,60.21 4 1
github.com/darkside1809/wallet/pkg/wallet/service.go:46.37,47.29 1 0
github.com/darkside1809/wallet/pkg/wallet/service.go:47.29,49.4 1 0
github.com/darkside1809/wallet/pkg/wallet/service.go:63.70,64.17 1 1
github.com/darkside1809/wallet/pkg/wallet/service.go:68.2,69.33 2 1
github.com/darkside1809/wallet/pkg/wallet/service.go:76.2,76.20 1 1
github.com/darkside1809/wallet/pkg/wallet/service.go:80.2,81.12 2 1
github.com/darkside1809/wallet/pkg/wallet/service.go:64.17,66.3 1 0
github.com/darkside1809/wallet/pkg/wallet/service.go:69.33,70.26 1 1
github.com/darkside1809/wallet/pkg/wallet/service.go:70.26,72.9 2 1
github.com/darkside1809/wallet/pkg/wallet/service.go:76.20,78.3 1 0
github.com/darkside1809/wallet/pkg/wallet/service.go:84.116,85.17 1 1
github.com/darkside1809/wallet/pkg/wallet/service.go:89.2,90.33 2 1
github.com/darkside1809/wallet/pkg/wallet/service.go:97.2,97.20 1 1
github.com/darkside1809/wallet/pkg/wallet/service.go:101.2,101.30 1 1
github.com/darkside1809/wallet/pkg/wallet/service.go:105.2,116.21 5 1
github.com/darkside1809/wallet/pkg/wallet/service.go:85.17,87.3 1 0
github.com/darkside1809/wallet/pkg/wallet/service.go:90.33,91.26 1 1
github.com/darkside1809/wallet/pkg/wallet/service.go:91.26,93.9 2 1
github.com/darkside1809/wallet/pkg/wallet/service.go:97.20,99.3 1 0
github.com/darkside1809/wallet/pkg/wallet/service.go:101.30,103.3 1 1
github.com/darkside1809/wallet/pkg/wallet/service.go:119.72,122.32 2 1
github.com/darkside1809/wallet/pkg/wallet/service.go:130.2,130.19 1 1
github.com/darkside1809/wallet/pkg/wallet/service.go:134.2,134.19 1 1
github.com/darkside1809/wallet/pkg/wallet/service.go:122.32,124.23 1 1
github.com/darkside1809/wallet/pkg/wallet/service.go:124.23,126.9 2 1
github.com/darkside1809/wallet/pkg/wallet/service.go:130.19,132.3 1 1
github.com/darkside1809/wallet/pkg/wallet/service.go:137.76,140.33 2 1
github.com/darkside1809/wallet/pkg/wallet/service.go:152.2,152.21 1 1
github.com/darkside1809/wallet/pkg/wallet/service.go:140.33,142.26 1 1
github.com/darkside1809/wallet/pkg/wallet/service.go:147.3,147.21 1 0
github.com/darkside1809/wallet/pkg/wallet/service.go:142.26,144.9 2 1
github.com/darkside1809/wallet/pkg/wallet/service.go:147.21,149.4 1 0
github.com/darkside1809/wallet/pkg/wallet/service.go:155.49,158.41 2 1
github.com/darkside1809/wallet/pkg/wallet/service.go:164.2,164.21 1 1
github.com/darkside1809/wallet/pkg/wallet/service.go:168.2,170.31 2 1
github.com/darkside1809/wallet/pkg/wallet/service.go:174.2,178.12 4 1
github.com/darkside1809/wallet/pkg/wallet/service.go:158.41,159.34 1 1
github.com/darkside1809/wallet/pkg/wallet/service.go:159.34,161.9 2 1
github.com/darkside1809/wallet/pkg/wallet/service.go:164.21,166.3 1 0
github.com/darkside1809/wallet/pkg/wallet/service.go:170.31,172.3 1 0
github.com/darkside1809/wallet/pkg/wallet/service.go:181.93,183.16 2 1
github.com/darkside1809/wallet/pkg/wallet/service.go:187.2,188.16 2 1
github.com/darkside1809/wallet/pkg/wallet/service.go:192.2,193.40 2 1
github.com/darkside1809/wallet/pkg/wallet/service.go:200.2,200.31 1 1
github.com/darkside1809/wallet/pkg/wallet/service.go:183.16,185.3 1 0
github.com/darkside1809/wallet/pkg/wallet/service.go:188.16,190.3 1 0
github.com/darkside1809/wallet/pkg/wallet/service.go:193.40,195.17 2 1
github.com/darkside1809/wallet/pkg/wallet/service.go:195.17,197.4 1 0
github.com/darkside1809/wallet/pkg/wallet/service.go:203.68,207.16 2 1
github.com/darkside1809/wallet/pkg/wallet/service.go:211.2,213.16 2 1
github.com/darkside1809/wallet/pkg/wallet/service.go:217.2,217.17 1 1
github.com/darkside1809/wallet/pkg/wallet/service.go:207.16,209.3 1 0
github.com/darkside1809/wallet/pkg/wallet/service.go:213.16,215.3 1 0
